build/app/intermediates/manifest_merge_blame_file/release/manifest-merger-blame-release-report.txt
1<?xml version="1.0" encoding="utf-8"?>
2<manifest xmlns:android="http://schemas.android.com/apk/res/android"
3    package="com.example.trydos"
4    android:versionCode="4001"
5    android:versionName="1.0.0" >
6
7    <uses-sdk
8        android:minSdkVersion="21"
8-->src\main\AndroidManifest.xml
9        android:targetSdkVersion="33" />
9-->src\main\AndroidManifest.xml
10
11    <uses-permission android:name="android.permission.INTERNET" />
11-->src\main\AndroidManifest.xml:4:5-67
11-->src\main\AndroidManifest.xml:4:22-64
12    <uses-permission android:name="android.permission.WAKE_LOCK" />
12-->src\main\AndroidManifest.xml:5:5-68
12-->src\main\AndroidManifest.xml:5:22-65
13    <uses-permission android:name="android.permission.READ_CONTACTS" />
13-->src\main\AndroidManifest.xml:6:5-72
13-->src\main\AndroidManifest.xml:6:22-69
14    <uses-permission android:name="android.permission.WRITE_CONTACTS" />
14-->src\main\AndroidManifest.xml:7:5-73
14-->src\main\AndroidManifest.xml:7:22-70
15    <uses-permission android:name="android.permission.READ_MEDIA_IMAGES" />
15-->src\main\AndroidManifest.xml:8:5-76
15-->src\main\AndroidManifest.xml:8:22-73
16    <uses-permission android:name="android.permission.READ_MEDIA_VIDEO" />
16-->src\main\AndroidManifest.xml:9:5-75
16-->src\main\AndroidManifest.xml:9:22-72
17    <uses-permission android:name="android.permission.RECORD_AUDIO" />
17-->src\main\AndroidManifest.xml:10:5-71
17-->src\main\AndroidManifest.xml:10:22-68
18    <uses-permission android:name="android.permission.ACCESS_NETWORK_STATE" /> <!-- Permissions options for the `notification` group -->
18-->[:firebase_messaging] AndroidManifest.xml:11:5-79
18-->[:firebase_messaging] AndroidManifest.xml:11:22-76
19    <uses-permission android:name="android.permission.POST_NOTIFICATIONS" />
19-->[:firebase_messaging] AndroidManifest.xml:13:5-77
19-->[:firebase_messaging] AndroidManifest.xml:13:22-74
20    <uses-permission android:name="android.permission.CAMERA" />
20-->[:camera_android] AndroidManifest.xml:9:5-65
20-->[:camera_android] AndroidManifest.xml:9:22-62
21    <uses-permission android:name="android.permission.RECEIVE_BOOT_COMPLETED" />
21-->[:flutter_local_notifications] AndroidManifest.xml:9:5-81
21-->[:flutter_local_notifications] AndroidManifest.xml:9:22-78
22    <uses-permission android:name="android.permission.VIBRATE" />
22-->[:flutter_local_notifications] AndroidManifest.xml:10:5-66
22-->[:flutter_local_notifications] AndroidManifest.xml:10:22-63
23    <uses-permission android:name="android.permission.USE_FULL_SCREEN_INTENT" />
23-->[:flutter_local_notifications] AndroidManifest.xml:11:5-81
23-->[:flutter_local_notifications] AndroidManifest.xml:11:22-78
24    <uses-permission android:name="android.permission.SCHEDULE_EXACT_ALARM" />
24-->[:flutter_local_notifications] AndroidManifest.xml:12:5-79
24-->[:flutter_local_notifications] AndroidManifest.xml:12:22-76
25    <uses-permission android:name="android.permission.READ_EXTERNAL_STORAGE" />
25-->[:photo_manager] AndroidManifest.xml:9:5-80
25-->[:photo_manager] AndroidManifest.xml:9:22-77
26
27    <queries>
27-->[:contacts_service] AndroidManifest.xml:9:5-22:15
28        <intent>
28-->[:contacts_service] AndroidManifest.xml:10:9-12:18
29            <action android:name="android.accounts.AccountAuthenticator" />
29-->[:contacts_service] AndroidManifest.xml:11:13-76
29-->[:contacts_service] AndroidManifest.xml:11:21-73
30        </intent>
31        <!-- Allows the app to load an icon corresponding to the custom MIME type. -->
32        <intent>
32-->[:contacts_service] AndroidManifest.xml:14:9-21:18
33            <action android:name="android.intent.action.VIEW" />
33-->[:contacts_service] AndroidManifest.xml:15:13-65
33-->[:contacts_service] AndroidManifest.xml:15:21-62
34
35            <data
35-->[:contacts_service] AndroidManifest.xml:17:13-20:44
36                android:host="com.android.contacts"
36-->[:contacts_service] AndroidManifest.xml:18:17-52
37                android:mimeType="vnd.android.cursor.item/*"
37-->[:contacts_service] AndroidManifest.xml:19:17-61
38                android:scheme="content" />
38-->[:contacts_service] AndroidManifest.xml:20:17-41
39        </intent>
40        <intent>
40-->[androidx.media:media:1.4.1] AndroidManifest.xml:25:9-27:18
41            <action android:name="android.media.browse.MediaBrowserService" />
41-->[androidx.media:media:1.4.1] AndroidManifest.xml:26:13-79
41-->[androidx.media:media:1.4.1] AndroidManifest.xml:26:21-76
42        </intent>
43    </queries> <!-- Required by older versions of Google Play services to create IID tokens -->
44    <uses-permission android:name="com.google.android.c2dm.permission.RECEIVE" />
44-->[com.google.firebase:firebase-messaging:23.1.2] AndroidManifest.xml:28:5-82
44-->[com.google.firebase:firebase-messaging:23.1.2] AndroidManifest.xml:28:22-79
45    <uses-permission android:name="com.google.android.gms.permission.AD_ID" />
45-->[com.google.android.gms:play-services-measurement-api:21.3.0] AndroidManifest.xml:25:5-79
45-->[com.google.android.gms:play-services-measurement-api:21.3.0] AndroidManifest.xml:25:22-76
46    <uses-permission android:name="android.permission.BLUETOOTH" />
46-->[com.github.canardoux:flutter_sound_core:9.2.13] AndroidManifest.xml:11:5-68
46-->[com.github.canardoux:flutter_sound_core:9.2.13] AndroidManifest.xml:11:22-65
47    <uses-permission android:name="android.permission.MODIFY_AUDIO_SETTINGS" />
47-->[com.github.canardoux:flutter_sound_core:9.2.13] AndroidManifest.xml:13:5-80
47-->[com.github.canardoux:flutter_sound_core:9.2.13] AndroidManifest.xml:13:22-77
48    <uses-permission android:name="com.google.android.finsky.permission.BIND_GET_INSTALL_REFERRER_SERVICE" />
48-->[com.google.android.gms:play-services-measurement:21.3.0] AndroidManifest.xml:26:5-110
48-->[com.google.android.gms:play-services-measurement:21.3.0] AndroidManifest.xml:26:22-107
49
50    <permission
50-->[androidx.core:core:1.9.0] AndroidManifest.xml:22:5-24:47
51        android:name="com.example.trydos.DYNAMIC_RECEIVER_NOT_EXPORTED_PERMISSION"
51-->[androidx.core:core:1.9.0] AndroidManifest.xml:23:9-81
52        android:protectionLevel="signature" />
52-->[androidx.core:core:1.9.0] AndroidManifest.xml:24:9-44
53
54    <uses-permission android:name="com.example.trydos.DYNAMIC_RECEIVER_NOT_EXPORTED_PERMISSION" />
54-->[androidx.core:core:1.9.0] AndroidManifest.xml:26:5-97
54-->[androidx.core:core:1.9.0] AndroidManifest.xml:26:22-94
55
56    <application
57        android:name="android.app.Application"
57-->src\main\AndroidManifest.xml:14:9-42
58        android:appComponentFactory="androidx.core.app.CoreComponentFactory"
58-->[androidx.core:core:1.9.0] AndroidManifest.xml:28:18-86
59        android:icon="@mipmap/ic_launcher"
59-->src\main\AndroidManifest.xml:15:9-43
60        android:label="Trydos"
60-->src\main\AndroidManifest.xml:12:9-31
61        android:usesCleartextTraffic="true" >
61-->src\main\AndroidManifest.xml:13:9-44
62        <service
62-->src\main\AndroidManifest.xml:17:12-23:22
63            android:name="com.google.firebase.messaging.FirebaseMessagingService"
63-->src\main\AndroidManifest.xml:18:16-85
64            android:directBootAware="true"
64-->[com.google.firebase:firebase-messaging:23.1.2] AndroidManifest.xml:46:13-43
65            android:exported="false" >
65-->src\main\AndroidManifest.xml:19:16-40
66            <intent-filter>
66-->src\main\AndroidManifest.xml:20:16-22:32
67                <action android:name="com.google.firebase.MESSAGING_EVENT" />
67-->src\main\AndroidManifest.xml:21:20-81
67-->src\main\AndroidManifest.xml:21:28-78
68            </intent-filter>
69            <intent-filter android:priority="-500" >
69-->src\main\AndroidManifest.xml:20:16-22:32
70                <action android:name="com.google.firebase.MESSAGING_EVENT" />
70-->src\main\AndroidManifest.xml:21:20-81
70-->src\main\AndroidManifest.xml:21:28-78
71            </intent-filter>
72        </service>
73
74        <!-- Firebase Instance ID Service -->
75        <service
75-->src\main\AndroidManifest.xml:26:12-32:22
76            android:name="com.google.firebase.iid.FirebaseInstanceIdService"
76-->src\main\AndroidManifest.xml:27:16-80
77            android:exported="false" >
77-->src\main\AndroidManifest.xml:28:16-40
78            <intent-filter>
78-->src\main\AndroidManifest.xml:29:16-31:32
79                <action android:name="com.google.firebase.INSTANCE_ID_EVENT" />
79-->src\main\AndroidManifest.xml:30:20-83
79-->src\main\AndroidManifest.xml:30:28-80
80            </intent-filter>
81        </service>
82
83        <activity
83-->src\main\AndroidManifest.xml:34:9-57:20
84            android:name="com.example.trydos.MainActivity"
84-->src\main\AndroidManifest.xml:35:13-41
85            android:configChanges="orientation|keyboardHidden|keyboard|screenSize|smallestScreenSize|locale|layoutDirection|fontScale|screenLayout|density|uiMode"
85-->src\main\AndroidManifest.xml:39:13-163
86            android:exported="true"
86-->src\main\AndroidManifest.xml:36:13-36
87            android:hardwareAccelerated="true"
87-->src\main\AndroidManifest.xml:40:13-47
88            android:launchMode="singleTop"
88-->src\main\AndroidManifest.xml:37:13-43
89            android:theme="@style/LaunchTheme"
89-->src\main\AndroidManifest.xml:38:13-47
90            android:windowSoftInputMode="adjustResize" >
90-->src\main\AndroidManifest.xml:41:13-55
91
92            <!--
93                 Specifies an Android theme to apply to this Activity as soon as
94                 the Android process has started. This theme is visible to the user
95                 while the Flutter UI initializes. After that, this theme continues
96                 to determine the Window background behind the Flutter UI.
97            -->
98            <meta-data
98-->src\main\AndroidManifest.xml:46:13-49:17
99                android:name="io.flutter.embedding.android.NormalTheme"
99-->src\main\AndroidManifest.xml:47:15-70
100                android:resource="@style/NormalTheme" />
100-->src\main\AndroidManifest.xml:48:15-52
101            <meta-data
101-->src\main\AndroidManifest.xml:50:13-52:52
102                android:name="com.google.firebase.messaging.default_notification_channel_id"
102-->src\main\AndroidManifest.xml:51:17-93
103                android:value="push_notification" />
103-->src\main\AndroidManifest.xml:52:17-50
104
105            <intent-filter>
105-->src\main\AndroidManifest.xml:53:13-56:29
106                <action android:name="android.intent.action.MAIN" />
106-->src\main\AndroidManifest.xml:54:17-68
106-->src\main\AndroidManifest.xml:54:25-66
107
108                <category android:name="android.intent.category.LAUNCHER" />
108-->src\main\AndroidManifest.xml:55:17-76
108-->src\main\AndroidManifest.xml:55:27-74
109            </intent-filter>
110        </activity>
111        <!--
112             Don't delete the meta-data below.
113             This is used by the Flutter tool to generate GeneratedPluginRegistrant.java
114        -->
115        <meta-data
115-->src\main\AndroidManifest.xml:60:9-62:33
116            android:name="flutterEmbedding"
116-->src\main\AndroidManifest.xml:61:13-44
117            android:value="2" />
117-->src\main\AndroidManifest.xml:62:13-30
118
119        <service
119-->[:firebase_messaging] AndroidManifest.xml:16:9-19:72
120            android:name="io.flutter.plugins.firebase.messaging.FlutterFirebaseMessagingBackgroundService"
120-->[:firebase_messaging] AndroidManifest.xml:17:13-107
121            android:exported="false"
121-->[:firebase_messaging] AndroidManifest.xml:18:13-37
122            android:permission="android.permission.BIND_JOB_SERVICE" />
122-->[:firebase_messaging] AndroidManifest.xml:19:13-69
123        <service
123-->[:firebase_messaging] AndroidManifest.xml:20:9-26:19
124            android:name="io.flutter.plugins.firebase.messaging.FlutterFirebaseMessagingService"
124-->[:firebase_messaging] AndroidManifest.xml:21:13-97
125            android:exported="false" >
125-->[:firebase_messaging] AndroidManifest.xml:22:13-37
126            <intent-filter>
126-->src\main\AndroidManifest.xml:20:16-22:32
127                <action android:name="com.google.firebase.MESSAGING_EVENT" />
127-->src\main\AndroidManifest.xml:21:20-81
127-->src\main\AndroidManifest.xml:21:28-78
128            </intent-filter>
129        </service>
130
131        <receiver
131-->[:firebase_messaging] AndroidManifest.xml:28:9-35:20
132            android:name="io.flutter.plugins.firebase.messaging.FlutterFirebaseMessagingReceiver"
132-->[:firebase_messaging] AndroidManifest.xml:29:13-98
133            android:exported="true"
133-->[:firebase_messaging] AndroidManifest.xml:30:13-36
134            android:permission="com.google.android.c2dm.permission.SEND" >
134-->[:firebase_messaging] AndroidManifest.xml:31:13-73
135            <intent-filter>
135-->[:firebase_messaging] AndroidManifest.xml:32:13-34:29
136                <action android:name="com.google.android.c2dm.intent.RECEIVE" />
136-->[:firebase_messaging] AndroidManifest.xml:33:17-81
136-->[:firebase_messaging] AndroidManifest.xml:33:25-78
137            </intent-filter>
138        </receiver>
139
140        <service
140-->[:firebase_messaging] AndroidManifest.xml:37:9-41:19
141            android:name="com.google.firebase.components.ComponentDiscoveryService"
141-->[:firebase_messaging] AndroidManifest.xml:37:18-89
142            android:directBootAware="true"
142-->[com.google.firebase:firebase-common:20.3.3] AndroidManifest.xml:34:13-43
143            android:exported="false" >
143-->[com.google.firebase:firebase-analytics-ktx:21.3.0] AndroidManifest.xml:10:13-37
144            <meta-data
144-->[:firebase_messaging] AndroidManifest.xml:38:13-40:85
145                android:name="com.google.firebase.components:io.flutter.plugins.firebase.messaging.FlutterFirebaseAppRegistrar"
145-->[:firebase_messaging] AndroidManifest.xml:39:17-128
146                android:value="com.google.firebase.components.ComponentRegistrar" />
146-->[:firebase_messaging] AndroidManifest.xml:40:17-82
147            <meta-data
147-->[:firebase_core] AndroidManifest.xml:11:13-13:85
148                android:name="com.google.firebase.components:io.flutter.plugins.firebase.core.FlutterFirebaseCoreRegistrar"
148-->[:firebase_core] AndroidManifest.xml:12:17-124
149                android:value="com.google.firebase.components.ComponentRegistrar" />
149-->[:firebase_core] AndroidManifest.xml:13:17-82
150            <meta-data
150-->[com.google.firebase:firebase-analytics-ktx:21.3.0] AndroidManifest.xml:11:13-13:85
151                android:name="com.google.firebase.components:com.google.firebase.analytics.ktx.FirebaseAnalyticsKtxRegistrar"
151-->[com.google.firebase:firebase-analytics-ktx:21.3.0] AndroidManifest.xml:12:17-126
152                android:value="com.google.firebase.components.ComponentRegistrar" />
152-->[com.google.firebase:firebase-analytics-ktx:21.3.0] AndroidManifest.xml:13:17-82
153            <meta-data
153-->[com.google.firebase:firebase-common-ktx:20.3.3] AndroidManifest.xml:14:13-16:85
154                android:name="com.google.firebase.components:com.google.firebase.ktx.FirebaseCommonKtxRegistrar"
154-->[com.google.firebase:firebase-common-ktx:20.3.3] AndroidManifest.xml:15:17-113
155                android:value="com.google.firebase.components.ComponentRegistrar" />
155-->[com.google.firebase:firebase-common-ktx:20.3.3] AndroidManifest.xml:16:17-82
156            <meta-data
156-->[com.google.firebase:firebase-messaging:23.1.2] AndroidManifest.xml:55:13-57:85
157                android:name="com.google.firebase.components:com.google.firebase.messaging.FirebaseMessagingRegistrar"
157-->[com.google.firebase:firebase-messaging:23.1.2] AndroidManifest.xml:56:17-119
158                android:value="com.google.firebase.components.ComponentRegistrar" />
158-->[com.google.firebase:firebase-messaging:23.1.2] AndroidManifest.xml:57:17-82
159            <meta-data
159-->[com.google.firebase:firebase-datatransport:18.1.7] AndroidManifest.xml:27:13-29:85
160                android:name="com.google.firebase.components:com.google.firebase.datatransport.TransportRegistrar"
160-->[com.google.firebase:firebase-datatransport:18.1.7] AndroidManifest.xml:28:17-115
161                android:value="com.google.firebase.components.ComponentRegistrar" />
161-->[com.google.firebase:firebase-datatransport:18.1.7] AndroidManifest.xml:29:17-82
162            <meta-data
162-->[com.google.firebase:firebase-iid:21.1.0] AndroidManifest.xml:32:13-34:85
163                android:name="com.google.firebase.components:com.google.firebase.iid.Registrar"
163-->[com.google.firebase:firebase-iid:21.1.0] AndroidManifest.xml:33:17-96
164                android:value="com.google.firebase.components.ComponentRegistrar" />
164-->[com.google.firebase:firebase-iid:21.1.0] AndroidManifest.xml:34:17-82
165            <meta-data
165-->[com.google.android.gms:play-services-measurement-api:21.3.0] AndroidManifest.xml:31:13-33:85
166                android:name="com.google.firebase.components:com.google.firebase.analytics.connector.internal.AnalyticsConnectorRegistrar"
166-->[com.google.android.gms:play-services-measurement-api:21.3.0] AndroidManifest.xml:32:17-139
167                android:value="com.google.firebase.components.ComponentRegistrar" />
167-->[com.google.android.gms:play-services-measurement-api:21.3.0] AndroidManifest.xml:33:17-82
168            <meta-data
168-->[com.google.firebase:firebase-installations:17.1.3] AndroidManifest.xml:17:13-19:85
169                android:name="com.google.firebase.components:com.google.firebase.installations.FirebaseInstallationsRegistrar"
169-->[com.google.firebase:firebase-installations:17.1.3] AndroidManifest.xml:18:17-127
170                android:value="com.google.firebase.components.ComponentRegistrar" />
170-->[com.google.firebase:firebase-installations:17.1.3] AndroidManifest.xml:19:17-82
171        </service>
172
173        <provider
173-->[:firebase_messaging] AndroidManifest.xml:43:9-47:38
174            android:name="io.flutter.plugins.firebase.messaging.FlutterFirebaseMessagingInitProvider"
174-->[:firebase_messaging] AndroidManifest.xml:44:13-102
175            android:authorities="com.example.trydos.flutterfirebasemessaginginitprovider"
175-->[:firebase_messaging] AndroidManifest.xml:45:13-88
176            android:exported="false"
176-->[:firebase_messaging] AndroidManifest.xml:46:13-37
177            android:initOrder="99" />
177-->[:firebase_messaging] AndroidManifest.xml:47:13-35
178
179        <activity
179-->[:url_launcher_android] AndroidManifest.xml:10:9-13:74
180            android:name="io.flutter.plugins.urllauncher.WebViewActivity"
180-->[:url_launcher_android] AndroidManifest.xml:11:13-74
181            android:exported="false"
181-->[:url_launcher_android] AndroidManifest.xml:12:13-37
182            android:theme="@android:style/Theme.NoTitleBar.Fullscreen" />
182-->[:url_launcher_android] AndroidManifest.xml:13:13-71
183
184        <receiver
184-->[:flutter_local_notifications] AndroidManifest.xml:16:9-18:40
185            android:name="com.dexterous.flutterlocalnotifications.ActionBroadcastReceiver"
185-->[:flutter_local_notifications] AndroidManifest.xml:17:13-91
186            android:exported="false" />
186-->[:flutter_local_notifications] AndroidManifest.xml:18:13-37
187        <receiver
187-->[:flutter_local_notifications] AndroidManifest.xml:19:9-21:40
188            android:name="com.dexterous.flutterlocalnotifications.ScheduledNotificationReceiver"
188-->[:flutter_local_notifications] AndroidManifest.xml:20:13-97
189            android:exported="false" />
189-->[:flutter_local_notifications] AndroidManifest.xml:21:13-37
190        <receiver
190-->[:flutter_local_notifications] AndroidManifest.xml:22:9-31:20
191            android:name="com.dexterous.flutterlocalnotifications.ScheduledNotificationBootReceiver"
191-->[:flutter_local_notifications] AndroidManifest.xml:23:13-101
192            android:exported="false" >
192-->[:flutter_local_notifications] AndroidManifest.xml:24:13-37
193            <intent-filter>
193-->[:flutter_local_notifications] AndroidManifest.xml:25:13-30:29
194                <action android:name="android.intent.action.BOOT_COMPLETED" />
194-->[:flutter_local_notifications] AndroidManifest.xml:26:17-79
194-->[:flutter_local_notifications] AndroidManifest.xml:26:25-76
195                <action android:name="android.intent.action.MY_PACKAGE_REPLACED" />
195-->[:flutter_local_notifications] AndroidManifest.xml:27:17-84
195-->[:flutter_local_notifications] AndroidManifest.xml:27:25-81
196                <action android:name="android.intent.action.QUICKBOOT_POWERON" />
196-->[:flutter_local_notifications] AndroidManifest.xml:28:17-82
196-->[:flutter_local_notifications] AndroidManifest.xml:28:25-79
197                <action android:name="com.htc.intent.action.QUICKBOOT_POWERON" />
197-->[:flutter_local_notifications] AndroidManifest.xml:29:17-82
197-->[:flutter_local_notifications] AndroidManifest.xml:29:25-79
198            </intent-filter>
199        </receiver>
200        <!--
201           Declares a provider which allows us to store files to share in
202           '.../caches/share_plus' and grant the receiving action access
203        -->
204        <provider
204-->[:share_plus] AndroidManifest.xml:15:9-23:20
205            android:name="dev.fluttercommunity.plus.share.ShareFileProvider"
205-->[:share_plus] AndroidManifest.xml:16:13-77
206            android:authorities="com.example.trydos.flutter.share_provider"
206-->[:share_plus] AndroidManifest.xml:17:13-74
207            android:exported="false"
207-->[:share_plus] AndroidManifest.xml:18:13-37
208            android:grantUriPermissions="true" >
208-->[:share_plus] AndroidManifest.xml:19:13-47
209            <meta-data
209-->[:share_plus] AndroidManifest.xml:20:13-22:68
210                android:name="android.support.FILE_PROVIDER_PATHS"
210-->[:share_plus] AndroidManifest.xml:21:17-67
211                android:resource="@xml/flutter_share_file_paths" />
211-->[:share_plus] AndroidManifest.xml:22:17-65
212        </provider>
213        <!--
214           This manifest declared broadcast receiver allows us to use an explicit
215           Intent when creating a PendingItent to be informed of the user's choice
216        -->
217        <receiver
217-->[:share_plus] AndroidManifest.xml:28:9-34:20
218            android:name="dev.fluttercommunity.plus.share.SharePlusPendingIntent"
218-->[:share_plus] AndroidManifest.xml:29:13-82
219            android:exported="false" >
219-->[:share_plus] AndroidManifest.xml:30:13-37
220            <intent-filter>
220-->[:share_plus] AndroidManifest.xml:31:13-33:29
221                <action android:name="EXTRA_CHOSEN_COMPONENT" />
221-->[:share_plus] AndroidManifest.xml:32:17-65
221-->[:share_plus] AndroidManifest.xml:32:25-62
222            </intent-filter>
223        </receiver>
224
225        <uses-library
225-->[androidx.window:window:1.0.0-beta04] AndroidManifest.xml:25:9-27:40
226            android:name="androidx.window.extensions"
226-->[androidx.window:window:1.0.0-beta04] AndroidManifest.xml:26:13-54
227            android:required="false" />
227-->[androidx.window:window:1.0.0-beta04] AndroidManifest.xml:27:13-37
228        <uses-library
228-->[androidx.window:window:1.0.0-beta04] AndroidManifest.xml:28:9-30:40
229            android:name="androidx.window.sidecar"
229-->[androidx.window:window:1.0.0-beta04] AndroidManifest.xml:29:13-51
230            android:required="false" />
230-->[androidx.window:window:1.0.0-beta04] AndroidManifest.xml:30:13-37
231
232        <receiver
232-->[com.google.firebase:firebase-messaging:23.1.2] AndroidManifest.xml:31:9-38:20
233            android:name="com.google.firebase.iid.FirebaseInstanceIdReceiver"
233-->[com.google.firebase:firebase-messaging:23.1.2] AndroidManifest.xml:32:13-78
234            android:exported="true"
234-->[com.google.firebase:firebase-messaging:23.1.2] AndroidManifest.xml:33:13-36
235            android:permission="com.google.android.c2dm.permission.SEND" >
235-->[com.google.firebase:firebase-messaging:23.1.2] AndroidManifest.xml:34:13-73
236            <intent-filter>
236-->[:firebase_messaging] AndroidManifest.xml:32:13-34:29
237                <action android:name="com.google.android.c2dm.intent.RECEIVE" />
237-->[:firebase_messaging] AndroidManifest.xml:33:17-81
237-->[:firebase_messaging] AndroidManifest.xml:33:25-78
238            </intent-filter>
239        </receiver>
240
241        <service
241-->[com.google.android.datatransport:transport-backend-cct:3.1.8] AndroidManifest.xml:28:9-34:19
242            android:name="com.google.android.datatransport.runtime.backends.TransportBackendDiscovery"
242-->[com.google.android.datatransport:transport-backend-cct:3.1.8] AndroidManifest.xml:29:13-103
243            android:exported="false" >
243-->[com.google.android.datatransport:transport-backend-cct:3.1.8] AndroidManifest.xml:30:13-37
244            <meta-data
244-->[com.google.android.datatransport:transport-backend-cct:3.1.8] AndroidManifest.xml:31:13-33:39
245                android:name="backend:com.google.android.datatransport.cct.CctBackendFactory"
245-->[com.google.android.datatransport:transport-backend-cct:3.1.8] AndroidManifest.xml:32:17-94
246                android:value="cct" />
246-->[com.google.android.datatransport:transport-backend-cct:3.1.8] AndroidManifest.xml:33:17-36
247        </service>
248        <service
248-->[com.google.android.datatransport:transport-runtime:3.1.8] AndroidManifest.xml:26:9-30:19
249            android:name="com.google.android.datatransport.runtime.scheduling.jobscheduling.JobInfoSchedulerService"
249-->[com.google.android.datatransport:transport-runtime:3.1.8] AndroidManifest.xml:27:13-117
250            android:exported="false"
250-->[com.google.android.datatransport:transport-runtime:3.1.8] AndroidManifest.xml:28:13-37
251            android:permission="android.permission.BIND_JOB_SERVICE" >
251-->[com.google.android.datatransport:transport-runtime:3.1.8] AndroidManifest.xml:29:13-69
252        </service>
253
254        <receiver
254-->[com.google.android.datatransport:transport-runtime:3.1.8] AndroidManifest.xml:32:9-34:40
255            android:name="com.google.android.datatransport.runtime.scheduling.jobscheduling.AlarmManagerSchedulerBroadcastReceiver"
255-->[com.google.android.datatransport:transport-runtime:3.1.8] AndroidManifest.xml:33:13-132
256            android:exported="false" />
256-->[com.google.android.datatransport:transport-runtime:3.1.8] AndroidManifest.xml:34:13-37
257
258        <provider
258-->[com.google.firebase:firebase-common:20.3.3] AndroidManifest.xml:25:9-30:39
259            android:name="com.google.firebase.provider.FirebaseInitProvider"
259-->[com.google.firebase:firebase-common:20.3.3] AndroidManifest.xml:26:13-77
260            android:authorities="com.example.trydos.firebaseinitprovider"
260-->[com.google.firebase:firebase-common:20.3.3] AndroidManifest.xml:27:13-72
261            android:directBootAware="true"
261-->[com.google.firebase:firebase-common:20.3.3] AndroidManifest.xml:28:13-43
262            android:exported="false"
262-->[com.google.firebase:firebase-common:20.3.3] AndroidManifest.xml:29:13-37
263            android:initOrder="100" />
263-->[com.google.firebase:firebase-common:20.3.3] AndroidManifest.xml:30:13-36
264
265        <activity
265-->[com.google.android.gms:play-services-base:18.0.1] AndroidManifest.xml:20:9-22:45
266            android:name="com.google.android.gms.common.api.GoogleApiActivity"
266-->[com.google.android.gms:play-services-base:18.0.1] AndroidManifest.xml:20:19-85
267            android:exported="false"
267-->[com.google.android.gms:play-services-base:18.0.1] AndroidManifest.xml:22:19-43
268            android:theme="@android:style/Theme.Translucent.NoTitleBar" />
268-->[com.google.android.gms:play-services-base:18.0.1] AndroidManifest.xml:21:19-78
269
270        <receiver
270-->[com.google.android.gms:play-services-measurement:21.3.0] AndroidManifest.xml:29:9-33:20
271            android:name="com.google.android.gms.measurement.AppMeasurementReceiver"
271-->[com.google.android.gms:play-services-measurement:21.3.0] AndroidManifest.xml:30:13-85
272            android:enabled="true"
272-->[com.google.android.gms:play-services-measurement:21.3.0] AndroidManifest.xml:31:13-35
273            android:exported="false" >
273-->[com.google.android.gms:play-services-measurement:21.3.0] AndroidManifest.xml:32:13-37
274        </receiver>
275
276        <service
276-->[com.google.android.gms:play-services-measurement:21.3.0] AndroidManifest.xml:35:9-38:40
277            android:name="com.google.android.gms.measurement.AppMeasurementService"
277-->[com.google.android.gms:play-services-measurement:21.3.0] AndroidManifest.xml:36:13-84
278            android:enabled="true"
278-->[com.google.android.gms:play-services-measurement:21.3.0] AndroidManifest.xml:37:13-35
279            android:exported="false" />
279-->[com.google.android.gms:play-services-measurement:21.3.0] AndroidManifest.xml:38:13-37
280        <service
280-->[com.google.android.gms:play-services-measurement:21.3.0] AndroidManifest.xml:39:9-43:72
281            android:name="com.google.android.gms.measurement.AppMeasurementJobService"
281-->[com.google.android.gms:play-services-measurement:21.3.0] AndroidManifest.xml:40:13-87
282            android:enabled="true"
282-->[com.google.android.gms:play-services-measurement:21.3.0] AndroidManifest.xml:41:13-35
283            android:exported="false"
283-->[com.google.android.gms:play-services-measurement:21.3.0] AndroidManifest.xml:42:13-37
284            android:permission="android.permission.BIND_JOB_SERVICE" />
284-->[com.google.android.gms:play-services-measurement:21.3.0] AndroidManifest.xml:43:13-69
285